000 (158370.001.000) 05/28 02:26:34 Job submitted from host: <10.0.0.1:9618?addrs=10.0.0.1-9618&noUDP&sock=2231851_ba21_3>
...
001 (158370.001.000) 05/28 02:26:36 Job executing on host: <10.0.0.7:9618?addrs=10.0.0.7-9618&noUDP&sock=30030_a922_3>
...
007 (158370.001.000) 05/28 02:26:36 Shadow exception!
	Error from slot2@node07: Failed to execute '/var/lib/condor/execute/dir_28086/condor_exec.exe' with arguments 16384: (errno=8: 'Exec format error')
	0  -  Run Bytes Sent By Job
	5259  -  Run Bytes Received By Job
...
012 (158370.001.000) 05/28 02:26:36 Job was held.
	Error from slot2@node07: Failed to execute '/var/lib/condor/execute/dir_28086/condor_exec.exe' with arguments 16384: (errno=8: 'Exec format error')
	Code 6 Subcode 8
...
009 (158370.001.000) 05/28 02:27:32 Job was aborted by the user.
	via condor_rm (by user dbrilhante)
...
000 (158371.001.000) 05/28 02:29:01 Job submitted from host: <10.0.0.1:9618?addrs=10.0.0.1-9618&noUDP&sock=2231851_ba21_3>
...
001 (158371.001.000) 05/28 02:29:03 Job executing on host: <10.0.0.7:9618?addrs=10.0.0.7-9618&noUDP&sock=30030_a922_3>
...
006 (158371.001.000) 05/28 02:29:11 Image size of job updated: 116536
	103  -  MemoryUsage of job (MB)
	105428  -  ResidentSetSize of job (KB)
...
006 (158371.001.000) 05/28 02:34:13 Image size of job updated: 3062076
	2990  -  MemoryUsage of job (MB)
	3061684  -  ResidentSetSize of job (KB)
...
006 (158371.001.000) 05/28 02:39:11 Image size of job updated: 3165768
	3092  -  MemoryUsage of job (MB)
	3165648  -  ResidentSetSize of job (KB)
...
006 (158371.001.000) 05/28 02:44:13 Image size of job updated: 3174084
	3100  -  MemoryUsage of job (MB)
	3173820  -  ResidentSetSize of job (KB)
...
006 (158371.001.000) 05/28 02:49:12 Image size of job updated: 3174084
	3100  -  MemoryUsage of job (MB)
	3174360  -  ResidentSetSize of job (KB)
...
006 (158371.001.000) 05/28 03:14:15 Image size of job updated: 3328240
	3251  -  MemoryUsage of job (MB)
	3328140  -  ResidentSetSize of job (KB)
...
006 (158371.001.000) 05/28 03:19:15 Image size of job updated: 3348304
	3270  -  MemoryUsage of job (MB)
	3348252  -  ResidentSetSize of job (KB)
...
006 (158371.001.000) 05/28 03:24:17 Image size of job updated: 3388736
	3310  -  MemoryUsage of job (MB)
	3388684  -  ResidentSetSize of job (KB)
...
005 (158371.001.000) 05/28 03:35:57 Job terminated.
	(1) Normal termination (return value 1)
		Usr 0 00:02:05, Sys 0 00:02:15  -  Run Remote Usage
		Usr 0 00:00:00, Sys 0 00:00:00  -  Run Local Usage
		Usr 0 00:02:05, Sys 0 00:02:15  -  Total Remote Usage
		Usr 0 00:00:00, Sys 0 00:00:00  -  Total Local Usage
	538  -  Run Bytes Sent By Job
	5283  -  Run Bytes Received By Job
	538  -  Total Bytes Sent By Job
	5283  -  Total Bytes Received By Job
	Partitionable Resources :    Usage  Request Allocated 
	   Cpus                 :     0.04        1         1 
	   Disk (KB)            :    19           7  54693920 
	   Memory (MB)          :  3310           1       986 
...
